[INFO] Train samples: 312464
[INFO] Val samples: 34553
[INFO] Class weights: [0.7189757844066673, 7.556931411434652, 0.4636624801158622, 3.1243900487960965]
[INFO] Backbone: mobilenet_v3_large
[INFO] Device: cuda:0
[INFO] CUDA device ids: [0, 1, 2, 3]
[INFO] AMP enabled: True
[INFO] Progress bar: False
[INFO] epoch=001 train_loss=0.231438 val_loss=0.805595 val_acc=0.557115 val_macro_f1=0.516038
[INFO] epoch=002 train_loss=0.138362 val_loss=0.677166 val_acc=0.670709 val_macro_f1=0.640421
[INFO] epoch=003 train_loss=0.109816 val_loss=0.725223 val_acc=0.684745 val_macro_f1=0.641584
[INFO] epoch=004 train_loss=0.091358 val_loss=0.756322 val_acc=0.711747 val_macro_f1=0.691948
[INFO] epoch=005 train_loss=0.080342 val_loss=0.826384 val_acc=0.695598 val_macro_f1=0.687467
[INFO] epoch=006 train_loss=0.072399 val_loss=0.715630 val_acc=0.739270 val_macro_f1=0.689149
[INFO] epoch=007 train_loss=0.064019 val_loss=0.763855 val_acc=0.758458 val_macro_f1=0.716760
[INFO] epoch=008 train_loss=0.060608 val_loss=0.758414 val_acc=0.754406 val_macro_f1=0.707718
[INFO] epoch=009 train_loss=0.055413 val_loss=0.722964 val_acc=0.785720 val_macro_f1=0.728018
[INFO] epoch=010 train_loss=0.052211 val_loss=0.795000 val_acc=0.769456 val_macro_f1=0.731111
[INFO] epoch=011 train_loss=0.047498 val_loss=0.766258 val_acc=0.773102 val_macro_f1=0.725575
[INFO] epoch=012 train_loss=0.045062 val_loss=0.830531 val_acc=0.778630 val_macro_f1=0.740586
[INFO] epoch=013 train_loss=0.042000 val_loss=0.822172 val_acc=0.778861 val_macro_f1=0.733585
[INFO] epoch=014 train_loss=0.038643 val_loss=0.876461 val_acc=0.832084 val_macro_f1=0.772970
[INFO] epoch=015 train_loss=0.040005 val_loss=0.809308 val_acc=0.804822 val_macro_f1=0.735998
[INFO] epoch=016 train_loss=0.036967 val_loss=0.798430 val_acc=0.799873 val_macro_f1=0.745003
[INFO] epoch=017 train_loss=0.032453 val_loss=0.885900 val_acc=0.799844 val_macro_f1=0.753064
[INFO] epoch=018 train_loss=0.032811 val_loss=0.890400 val_acc=0.811218 val_macro_f1=0.754327
[INFO] epoch=019 train_loss=0.030839 val_loss=0.919476 val_acc=0.805690 val_macro_f1=0.753437
[INFO] Early stopping triggered at epoch 19
[INFO] Best checkpoint: /data4/dongmin/t-car/tools/runs/classify/traffic_stage2_mnv3s/weights/best.pth
[INFO] Best metrics json: /data4/dongmin/t-car/tools/runs/classify/traffic_stage2_mnv3s/best_metrics.json
[INFO] YOLO-style results csv: /data4/dongmin/t-car/tools/runs/classify/traffic_stage2_mnv3s/results.csv
[INFO] Epoch plot: /data4/dongmin/t-car/tools/runs/classify/traffic_stage2_mnv3s/results_per_epoch.png
